2017/06/25 22:41:09 access ip -> ::1
select define_key,define_val from define 

2017/06/25 22:41:12 access ip -> ::1
select t.menu_id,menu_level,parent_id,link,page_flg,upper(menu_name) menu_name
				,(select count(*) from menu where  parent_id = t.menu_id) child_flg
				from menu t
				where del_flg = 0
				ORDER BY sort

2017/06/25 22:41:12 access ip -> ::1
select img_path from slides where del_flg = 0

2017/06/25 22:47:42 access ip -> ::1
select define_key,define_val from define 

2017/06/25 22:47:42 access ip -> ::1
select t.menu_id,menu_level,parent_id,link,page_flg,upper(menu_name) menu_name
				,(select count(*) from menu where  parent_id = t.menu_id) child_flg
				from menu t
				where del_flg = 0
				ORDER BY sort

2017/06/25 22:47:43 access ip -> ::1
select img_path from slides where del_flg = 0

2017/06/25 22:49:42 access ip -> ::1
select define_key,define_val from define 

2017/06/25 22:49:43 access ip -> ::1
select t.menu_id,menu_level,parent_id,link,page_flg,upper(menu_name) menu_name
				,(select count(*) from menu where  parent_id = t.menu_id) child_flg
				from menu t
				where del_flg = 0
				ORDER BY sort

2017/06/25 22:49:43 access ip -> ::1
select img_path from slides where del_flg = 0

2017/06/25 22:52:23 access ip -> ::1
select define_key,define_val from define 

2017/06/25 22:52:23 access ip -> ::1
select t.menu_id,menu_level,parent_id,link,page_flg,upper(menu_name) menu_name
				,(select count(*) from menu where  parent_id = t.menu_id) child_flg
				from menu t
				where del_flg = 0
				ORDER BY sort

2017/06/25 22:52:23 access ip -> ::1
select img_path from slides where del_flg = 0

2017/06/25 22:55:07 access ip -> ::1
select define_key,define_val from define 

2017/06/25 22:55:07 access ip -> ::1
select t.menu_id,menu_level,parent_id,link,page_flg,upper(menu_name) menu_name
				,(select count(*) from menu where  parent_id = t.menu_id) child_flg
				from menu t
				where del_flg = 0
				ORDER BY sort

2017/06/25 22:55:07 access ip -> ::1
select img_path from slides where del_flg = 0

2017/06/25 22:58:41 access ip -> ::1
select define_key,define_val from define 

2017/06/25 22:58:41 access ip -> ::1
select t.menu_id,menu_level,parent_id,link,page_flg,upper(menu_name) menu_name
				,(select count(*) from menu where  parent_id = t.menu_id) child_flg
				from menu t
				where del_flg = 0
				ORDER BY sort

2017/06/25 22:58:41 access ip -> ::1
select img_path from slides where del_flg = 0

2017/06/25 23:05:45 access ip -> ::1
select define_key,define_val from define 

2017/06/25 23:05:45 access ip -> ::1
select t.menu_id,menu_level,parent_id,link,page_flg,upper(menu_name) menu_name
				,(select count(*) from menu where  parent_id = t.menu_id) child_flg
				from menu t
				where del_flg = 0
				ORDER BY sort

2017/06/25 23:05:45 access ip -> ::1
select img_path from slides where del_flg = 0

2017/06/25 23:20:18 access ip -> ::1
select define_key,define_val from define 

2017/06/25 23:20:18 access ip -> ::1
select t.menu_id,menu_level,parent_id,link,page_flg,upper(menu_name) menu_name
				,(select count(*) from menu where  parent_id = t.menu_id) child_flg
				from menu t
				where del_flg = 0
				ORDER BY sort

2017/06/25 23:20:18 access ip -> ::1
select img_path from slides where del_flg = 0

2017/06/25 23:20:41 access ip -> ::1
select define_key,define_val from define 

2017/06/25 23:20:41 access ip -> ::1
select t.menu_id,menu_level,parent_id,link,page_flg,upper(menu_name) menu_name
				,(select count(*) from menu where  parent_id = t.menu_id) child_flg
				from menu t
				where del_flg = 0
				ORDER BY sort

2017/06/25 23:20:41 access ip -> ::1
select img_path from slides where del_flg = 0

2017/06/25 23:23:00 access ip -> ::1
select define_key,define_val from define 

2017/06/25 23:23:00 access ip -> ::1
select t.menu_id,menu_level,parent_id,link,page_flg,upper(menu_name) menu_name
				,(select count(*) from menu where  parent_id = t.menu_id) child_flg
				from menu t
				where del_flg = 0
				ORDER BY sort

2017/06/25 23:23:00 access ip -> ::1
select img_path from slides where del_flg = 0

2017/06/25 23:29:31 access ip -> ::1
select define_key,define_val from define 

2017/06/25 23:29:31 access ip -> ::1
select t.menu_id,menu_level,parent_id,link,page_flg,upper(menu_name) menu_name
				,(select count(*) from menu where  parent_id = t.menu_id) child_flg
				from menu t
				where del_flg = 0
				ORDER BY sort

2017/06/25 23:29:31 access ip -> ::1
select img_path from slides where del_flg = 0

2017/06/25 23:29:55 access ip -> ::1
select define_key,define_val from define 

2017/06/25 23:29:55 access ip -> ::1
select t.menu_id,menu_level,parent_id,link,page_flg,upper(menu_name) menu_name
				,(select count(*) from menu where  parent_id = t.menu_id) child_flg
				from menu t
				where del_flg = 0
				ORDER BY sort

2017/06/25 23:29:55 access ip -> ::1
select img_path from slides where del_flg = 0

2017/06/25 23:30:29 access ip -> ::1
select define_key,define_val from define 

2017/06/25 23:30:29 access ip -> ::1
select t.menu_id,menu_level,parent_id,link,page_flg,upper(menu_name) menu_name
				,(select count(*) from menu where  parent_id = t.menu_id) child_flg
				from menu t
				where del_flg = 0
				ORDER BY sort

2017/06/25 23:30:29 access ip -> ::1
select img_path from slides where del_flg = 0

2017/06/25 23:37:10 access ip -> ::1
select define_key,define_val from define 

2017/06/25 23:37:11 access ip -> ::1
select t.menu_id,menu_level,parent_id,link,page_flg,upper(menu_name) menu_name
				,(select count(*) from menu where  parent_id = t.menu_id) child_flg
				from menu t
				where del_flg = 0
				ORDER BY sort

2017/06/25 23:37:11 access ip -> ::1
select img_path from slides where del_flg = 0

2017/06/25 23:40:36 access ip -> ::1
select define_key,define_val from define 

2017/06/25 23:40:37 access ip -> ::1
select t.menu_id,menu_level,parent_id,link,page_flg,upper(menu_name) menu_name
				,(select count(*) from menu where  parent_id = t.menu_id) child_flg
				from menu t
				where del_flg = 0
				ORDER BY sort

2017/06/25 23:40:37 access ip -> ::1
select img_path from slides where del_flg = 0

2017/06/25 23:42:06 access ip -> ::1
select define_key,define_val from define 

2017/06/25 23:42:07 access ip -> ::1
select t.menu_id,menu_level,parent_id,link,page_flg,upper(menu_name) menu_name
				,(select count(*) from menu where  parent_id = t.menu_id) child_flg
				from menu t
				where del_flg = 0
				ORDER BY sort

2017/06/25 23:42:07 access ip -> ::1
select img_path from slides where del_flg = 0

